<?xml version="1.0" encoding="UTF-8"?>
<!-- Generated by org.testng.reporters.JUnitReportReporter -->
<testsuite hostname="AGI-LT-1593" failures="0" tests="1" name="com.BlazeDemo.Test001" time="33.044" errors="0" timestamp="2021-10-26T01:06:53 IST" skipped="0">
  <testcase classname="com.BlazeDemo.Test001" name="TS001" time="33.044"/>
  <system-out/>
</testsuite> <!-- com.BlazeDemo.Test001 -->
